<?xml version="1.0" encoding="UTF-8"?>
<!-- Generated by org.testng.reporters.JUnitReportReporter -->
<testsuite skipped="0" hostname="lgvn13667" name="demo.TestCase2" tests="1" failures="0" timestamp="28 Feb 2019 07:12:09 GMT" time="0.024" errors="0">
  <testcase name="testCase2" time="0.024" classname="demo.TestCase2"/>
</testsuite> <!-- demo.TestCase2 -->
